  1:                          	; demo.asm
  2:                          	;
  3:                          	; redeces runs of 'a's or 'b's to a single 'a' or 'b'
  4:                          	
  5:   . . . . . . . . . . . .	!main
  6:  [0x0000]  0x5861  0x5862		alpha "ab"
  7:                          	
  8:  [0x0002]  0x9061        		cmp 'a'
  9:  [0x0003]  0x6007        		brae !new_a
 10:  [0x0004]  0x9062        		cmp 'b'
 11:  [0x0005]  0x6014        		brae !new_b
 12:  [0x0006]  0x2000        		halt
 13:                          	
 14:                          	!new_a
 15:  [0x0007]  0x5841        		alpha 'A'
 16:  [0x0008]  0x5842        		alpha 'B'
 17:  [0x0009]  0x4800        		draw blank
 18:  [0x000A]  0x1000        		right
 19:  [0x000B]  0x9061        		cmp 'a'
 20:  [0x000C]  0x6007        		brae !new_a
 21:                          	
 22:                          	!to_end_with_a
 23:  [0x000D]  0x9800        		cmp blank
 24:  [0x000E]  0x6010        		brae !right_of_possible_blank_with_a
 25:  [0x000F]  0x1000        		right
 26:                          	!right_of_possible_blank_with_a
 27:  [0x0010]  0x700D        		brane !to_end_with_a
 28:                          	
 29:  [0x0011]  0x4041        		draw 'A'
 30:  [0x0012]  0x0000        		left
 31:  [0x0013]  0x8021        		bra !to_first_blank
 32:                          	
 33:                          	!new_b
 34:  [0x0014]  0x5841        		alpha 'A'
 35:  [0x0015]  0x5842        		alpha 'B'
 36:  [0x0016]  0x4800        		draw blank
 37:  [0x0017]  0x1000        		right
 38:  [0x0018]  0x9062        		cmp 'b'
 39:  [0x0019]  0x6014        		brae !new_b
 40:   . . . . . . . . . . . .	
 41:                          	!to_end_with_b
 42:  [0x001A]  0x9800        		cmp blank
 43:  [0x001B]  0x601D        		brae !right_of_possible_blank_with_b
 44:  [0x001C]  0x1000        		right
 45:   . . . . . . . . . . . .	!right_of_possible_blank_with_b
 46:  [0x001D]  0x701A        		brane !to_end_with_b
 47:                          	
 48:  [0x001E]  0x4042        		draw 'B'
 49:  [0x001F]  0x0000        		left
 50:  [0x0020]  0x8021        		bra !to_first_blank
 51:                          	
 52:                          	!to_first_blank
 53:  [0x0021]  0x9800        		cmp blank
 54:  [0x0022]  0x6024        		brae !left_of_possible_blank
 55:  [0x0023]  0x0000        		left
 56:                          	!left_of_possible_blank
 57:  [0x0024]  0x7021        		brane !to_first_blank
 58:                          	
 59:  [0x0025]  0x1000        		right
 60:   . . . . . . . . . . . .	
 61:  [0x0026]  0x9061        		cmp 'a'
 62:  [0x0027]  0x6007        		brae !new_a
 63:  [0x0028]  0x9062        		cmp 'b'
 64:  [0x0029]  0x6014        		brae !new_b
 65:   . . . . . . . . . . . .	
 66:                          	!go_right
 67:  [0x002A]  0x9800        		cmp blank
 68:  [0x002B]  0x602D        		brae !going_right_past_possible_blank
 69:  [0x002C]  0x1000        		right
 70:   . . . . . . . . . . . .	!going_right_past_possible_blank
 71:  [0x002D]  0x702A        		brane !go_right
 72:                          	
 73:  [0x002E]  0x0000        		left
 74:                          	
 75:   . . . . . . . . . . . .	!finalize
 76:  [0x002F]  0x9041        		cmp 'A'
 77:  [0x0030]  0x603B        		brae !lower_A
 78:  [0x0031]  0x9042        		cmp 'B'
 79:  [0x0032]  0x603E        		brae !lower_B
 80:   . . . . . . . . . . . .	
 81:  [0x0033]  0x1000        		right
 82:  [0x0034]  0x2000        		halt
 83:                          	
 84:                          	!finale
 85:  [0x0035]  0x9800        		cmp blank
 86:  [0x0036]  0x6038        		brae !finale_left_of_possible_blank
 87:  [0x0037]  0x0000        		left
 88:                          	!finale_left_of_possible_blank
 89:  [0x0038]  0x7035        		brane !finale
 90:   . . . . . . . . . . . .	
 91:  [0x0039]  0x1000        		right
 92:  [0x003A]  0x2000        		halt
 93:                          	
 94:                          	!lower_A
 95:  [0x003B]  0x4061        		draw 'a'
 96:  [0x003C]  0x0000        		left
 97:  [0x003D]  0x802F        		bra !finalize
 98:                          	
 99:                          	!lower_B
100:  [0x003E]  0x4062        		draw 'b'
101:  [0x003F]  0x0000        		left
102:  [0x0040]  0x802F        		bra !finalize
