 1:                                  	.constant TERM 0x4000
 2:                                  	
 3:                                  	.address 0x2000
 4:                                  	
 5:   . . . . . . . . . . . . . . . .	
 6:                                  	
 7:                                  	
 8:                                  	!hello
 9:  [0x2000]  0x00000048  0x00000065	    "Hello, world!"
     [0x2002]  0x0000006C  0x0000006C
     [0x2004]  0x0000006F  0x0000002C
     [0x2006]  0x00000020  0x00000077
     [0x2008]  0x0000006F  0x00000072
     [0x200A]  0x0000006C  0x00000064
     [0x200C]  0x00000021  0x00000000
10:  [0x200E]  0x6C6C6548  0x77202C6F	    'Hello, world!'
     [0x2010]  0x646C726F  0x00000021
11:                                  	    
12:                                  	!CRLF
13:  [0x2012]  0x0000000D  0x0000000A	    0xd 0xa 0  #CR LF NULL
     [0x2014]  0x00000000
